<?xml version="1.0" encoding="UTF-8"?>
<testng-results ignored="0" total="6" passed="6" failed="0" skipped="0">
  <reporter-output>
  </reporter-output>
  <suite started-at="2024-05-29T13:45:54 WIB" name="Surefire suite" finished-at="2024-05-29T13:46:05 WIB" duration-ms="11407">
    <groups>
      <group name="cucumber">
        <method signature="AbstractTestNGCucumberTests.runScenario(io.cucumber.testng.PickleWrapper,io.cucumber.testng.FeatureWrapper)[pri:0, instance:TestRunner.CucumberTestRunner@7ff95560]" name="runScenario" class="io.cucumber.testng.AbstractTestNGCucumberTests"/>
      </group> <!-- cucumber -->
    </groups>
    <test started-at="2024-05-29T13:45:54 WIB" name="Surefire test" finished-at="2024-05-29T13:46:05 WIB" duration-ms="11407">
      <class name="TestRunner.CucumberTestRunner">
        <test-method is-config="true" signature="setUpClass(org.testng.ITestContext)[pri:0, instance:TestRunner.CucumberTestRunner@7ff95560]" started-at="2024-05-29T13:45:54 WIB" name="setUpClass" finished-at="2024-05-29T13:45:54 WIB" duration-ms="194" status="PASS">
          <params>
            <param index="0">
              <value>
                <![CDATA[org.testng.TestRunner@7186b202]]>
              </value>
            </param>
          </params>
          <reporter-output>
          </reporter-output>
        </test-method> <!-- setUpClass -->
        <test-method signature="runScenario(io.cucumber.testng.PickleWrapper,io.cucumber.testng.FeatureWrapper)[pri:0, instance:TestRunner.CucumberTestRunner@7ff95560]" started-at="2024-05-29T13:45:54 WIB" name="runScenario" description="Runs Cucumber Scenarios" data-provider="scenarios" finished-at="2024-05-29T13:45:56 WIB" duration-ms="1969" status="PASS">
          <params>
            <param index="0">
              <value>
                <![CDATA["User is able to checkout successfully"]]>
              </value>
            </param>
            <param index="1">
              <value>
                <![CDATA["Checkout"]]>
              </value>
            </param>
          </params>
          <reporter-output>
          </reporter-output>
        </test-method> <!-- runScenario -->
        <test-method signature="runScenario(io.cucumber.testng.PickleWrapper,io.cucumber.testng.FeatureWrapper)[pri:0, instance:TestRunner.CucumberTestRunner@7ff95560]" started-at="2024-05-29T13:45:56 WIB" name="runScenario" description="Runs Cucumber Scenarios" data-provider="scenarios" finished-at="2024-05-29T13:45:58 WIB" duration-ms="1334" status="PASS">
          <params>
            <param index="0">
              <value>
                <![CDATA["User is unable to checkout with missing information"]]>
              </value>
            </param>
            <param index="1">
              <value>
                <![CDATA["Checkout"]]>
              </value>
            </param>
          </params>
          <reporter-output>
          </reporter-output>
        </test-method> <!-- runScenario -->
        <test-method signature="runScenario(io.cucumber.testng.PickleWrapper,io.cucumber.testng.FeatureWrapper)[pri:0, instance:TestRunner.CucumberTestRunner@7ff95560]" started-at="2024-05-29T13:45:58 WIB" name="runScenario" description="Runs Cucumber Scenarios" data-provider="scenarios" finished-at="2024-05-29T13:45:59 WIB" duration-ms="958" status="PASS">
          <params>
            <param index="0">
              <value>
                <![CDATA["User opens the login page successfully"]]>
              </value>
            </param>
            <param index="1">
              <value>
                <![CDATA["Login Functionality Test"]]>
              </value>
            </param>
          </params>
          <reporter-output>
          </reporter-output>
        </test-method> <!-- runScenario -->
        <test-method signature="runScenario(io.cucumber.testng.PickleWrapper,io.cucumber.testng.FeatureWrapper)[pri:0, instance:TestRunner.CucumberTestRunner@7ff95560]" started-at="2024-05-29T13:45:59 WIB" name="runScenario" description="Runs Cucumber Scenarios" data-provider="scenarios" finished-at="2024-05-29T13:46:00 WIB" duration-ms="1073" status="PASS">
          <params>
            <param index="0">
              <value>
                <![CDATA["login with valid account"]]>
              </value>
            </param>
            <param index="1">
              <value>
                <![CDATA["Login Functionality Test"]]>
              </value>
            </param>
          </params>
          <reporter-output>
          </reporter-output>
        </test-method> <!-- runScenario -->
        <test-method signature="runScenario(io.cucumber.testng.PickleWrapper,io.cucumber.testng.FeatureWrapper)[pri:0, instance:TestRunner.CucumberTestRunner@7ff95560]" started-at="2024-05-29T13:46:00 WIB" name="runScenario" description="Runs Cucumber Scenarios" data-provider="scenarios" finished-at="2024-05-29T13:46:01 WIB" duration-ms="1088" status="PASS">
          <params>
            <param index="0">
              <value>
                <![CDATA["Login with invalid account"]]>
              </value>
            </param>
            <param index="1">
              <value>
                <![CDATA["Login Functionality Test"]]>
              </value>
            </param>
          </params>
          <reporter-output>
          </reporter-output>
        </test-method> <!-- runScenario -->
        <test-method signature="runScenario(io.cucumber.testng.PickleWrapper,io.cucumber.testng.FeatureWrapper)[pri:0, instance:TestRunner.CucumberTestRunner@7ff95560]" started-at="2024-05-29T13:46:01 WIB" name="runScenario" description="Runs Cucumber Scenarios" data-provider="scenarios" finished-at="2024-05-29T13:46:02 WIB" duration-ms="1175" status="PASS">
          <params>
            <param index="0">
              <value>
                <![CDATA["User logs out successfully"]]>
              </value>
            </param>
            <param index="1">
              <value>
                <![CDATA["Login Functionality Test"]]>
              </value>
            </param>
          </params>
          <reporter-output>
          </reporter-output>
        </test-method> <!-- runScenario -->
        <test-method is-config="true" signature="tearDownClass()[pri:0, instance:TestRunner.CucumberTestRunner@7ff95560]" started-at="2024-05-29T13:46:02 WIB" name="tearDownClass" finished-at="2024-05-29T13:46:05 WIB" duration-ms="3602" status="PASS">
          <reporter-output>
          </reporter-output>
        </test-method> <!-- tearDownClass -->
      </class> <!-- TestRunner.CucumberTestRunner -->
    </test> <!-- Surefire test -->
  </suite> <!-- Surefire suite -->
</testng-results>
