<?xml version="1.0" encoding="UTF-8"?>
<testsuite xmlns:xsi="http://www.w3.org/2001/XMLSchema-instance" xsi:noNamespaceSchemaLocation="https://maven.apache.org/surefire/maven-surefire-plugin/xsd/surefire-test-report-3.0.xsd" version="3.0" name="TestSuite" time="11.573" tests="6" errors="0" skipped="0" failures="0">
  <properties>
[...]
</properties>
  <testcase name="runScenario[&quot;User is able to checkout successfully&quot;, &quot;Checkout&quot;](1)" classname="TestRunner.CucumberTestRunner" time="1.969">
    <system-out><![CDATA[
Scenario: User is able to checkout successfully               &amp#27;[90m# src/test/resources/Features/Checkout.feature:8&amp#27;[0m
  &amp#27;[32mGiven &amp#27;[0m&amp#27;[32mUser has logged in with valid credentials&amp#27;[0m             &amp#27;[90m# StepDefinitions.CheckoutStepDefinition.user_has_logged_in_with_valid_credentials()&amp#27;[0m
  &amp#27;[32mWhen &amp#27;[0m&amp#27;[32mUser adds items to cart and goes to checkout&amp#27;[0m           &amp#27;[90m# StepDefinitions.CheckoutStepDefinition.user_adds_items_to_cart_and_goes_to_checkout()&amp#27;[0m
  &amp#27;[32mAnd &amp#27;[0m&amp#27;[32mUser enters checkout information and completes checkout&amp#27;[0m &amp#27;[90m# StepDefinitions.CheckoutStepDefinition.user_enters_checkout_information_and_completes_checkout()&amp#27;[0m
  &amp#27;[32mThen &amp#27;[0m&amp#27;[32mUser should see checkout complete message&amp#27;[0m              &amp#27;[90m# StepDefinitions.CheckoutStepDefinition.user_should_see_checkout_complete_message()&amp#27;[0m
]]></system-out>
    <system-err><![CDATA[May 29, 2024 1:45:55 PM org.openqa.selenium.devtools.CdpVersionFinder findNearestMatch
WARNING: Unable to find an exact match for CDP version 125, returning the closest version; found: 124; Please update to a Selenium version that supports CDP version 125
May 29, 2024 1:45:55 PM org.openqa.selenium.devtools.CdpVersionFinder findNearestMatch
WARNING: Unable to find an exact match for CDP version 125, returning the closest version; found: 124; Please update to a Selenium version that supports CDP version 125
]]></system-err>
  </testcase>
  <testcase name="runScenario[&quot;User is unable to checkout with missing information&quot;, &quot;Checkout&quot;](2)" classname="TestRunner.CucumberTestRunner" time="1.333">
    <system-out><![CDATA[
Scenario: User is unable to checkout with missing information                    &amp#27;[90m# src/test/resources/Features/Checkout.feature:12&amp#27;[0m
  &amp#27;[32mGiven &amp#27;[0m&amp#27;[32mUser has logged in with valid credentials&amp#27;[0m                                &amp#27;[90m# StepDefinitions.CheckoutStepDefinition.user_has_logged_in_with_valid_credentials()&amp#27;[0m
  &amp#27;[32mWhen &amp#27;[0m&amp#27;[32mUser adds items to cart and goes to checkout&amp#27;[0m                              &amp#27;[90m# StepDefinitions.CheckoutStepDefinition.user_adds_items_to_cart_and_goes_to_checkout()&amp#27;[0m
  &amp#27;[32mAnd &amp#27;[0m&amp#27;[32mUser enters incomplete checkout information and tries to complete checkout&amp#27;[0m &amp#27;[90m# StepDefinitions.CheckoutStepDefinition.user_enters_incomplete_checkout_information_and_tries_to_complete_checkout()&amp#27;[0m
  &amp#27;[32mThen &amp#27;[0m&amp#27;[32mUser should see error message indicating missing information&amp#27;[0m              &amp#27;[90m# StepDefinitions.CheckoutStepDefinition.user_should_see_error_message_indicating_missing_information()&amp#27;[0m
]]></system-out>
    <system-err><![CDATA[May 29, 2024 1:45:56 PM org.openqa.selenium.devtools.CdpVersionFinder findNearestMatch
WARNING: Unable to find an exact match for CDP version 125, returning the closest version; found: 124; Please update to a Selenium version that supports CDP version 125
May 29, 2024 1:45:57 PM org.openqa.selenium.devtools.CdpVersionFinder findNearestMatch
WARNING: Unable to find an exact match for CDP version 125, returning the closest version; found: 124; Please update to a Selenium version that supports CDP version 125
]]></system-err>
  </testcase>
  <testcase name="runScenario[&quot;User opens the login page successfully&quot;, &quot;Login Functionality Test&quot;](3)" classname="TestRunner.CucumberTestRunner" time="0.958">
    <system-out><![CDATA[
Scenario: User opens the login page successfully &amp#27;[90m# src/test/resources/Features/Login.feature:7&amp#27;[0m
  &amp#27;[32mGiven &amp#27;[0m&amp#27;[32mI am on the SauceDemo login page&amp#27;[0m         &amp#27;[90m# StepDefinitions.LoginStepDefinition.iAmOnTheLoginPage()&amp#27;[0m
  &amp#27;[32mThen &amp#27;[0m&amp#27;[32mThe login page should be displayed&amp#27;[0m        &amp#27;[90m# StepDefinitions.LoginStepDefinition.the_login_page_should_be_displayed()&amp#27;[0m
]]></system-out>
    <system-err><![CDATA[May 29, 2024 1:45:58 PM org.openqa.selenium.devtools.CdpVersionFinder findNearestMatch
WARNING: Unable to find an exact match for CDP version 125, returning the closest version; found: 124; Please update to a Selenium version that supports CDP version 125
May 29, 2024 1:45:58 PM org.openqa.selenium.devtools.CdpVersionFinder findNearestMatch
WARNING: Unable to find an exact match for CDP version 125, returning the closest version; found: 124; Please update to a Selenium version that supports CDP version 125
]]></system-err>
  </testcase>
  <testcase name="runScenario[&quot;login with valid account&quot;, &quot;Login Functionality Test&quot;](4)" classname="TestRunner.CucumberTestRunner" time="1.073">
    <system-out><![CDATA[
Scenario Outline: login with valid account                          &amp#27;[90m# src/test/resources/Features/Login.feature:17&amp#27;[0m
  &amp#27;[32mGiven &amp#27;[0m&amp#27;[32mI am on the SauceDemo login page&amp#27;[0m                            &amp#27;[90m# StepDefinitions.LoginStepDefinition.iAmOnTheLoginPage()&amp#27;[0m
  &amp#27;[32mWhen &amp#27;[0m&amp#27;[32mI enter username &amp#27;[0m&amp#27;[32m&amp#27;[1m"standard_user"&amp#27;[0m&amp#27;[32m and password &amp#27;[0m&amp#27;[32m&amp#27;[1m"secret_sauce"&amp#27;[0m &amp#27;[90m# StepDefinitions.LoginStepDefinition.iEnterUsernameAndPassword(java.lang.String,java.lang.String)&amp#27;[0m
  &amp#27;[32mAnd &amp#27;[0m&amp#27;[32mI click the login button&amp#27;[0m                                      &amp#27;[90m# StepDefinitions.LoginStepDefinition.iClickTheLoginButton()&amp#27;[0m
  &amp#27;[32mThen &amp#27;[0m&amp#27;[32mI should be on the inventory page&amp#27;[0m                            &amp#27;[90m# StepDefinitions.LoginStepDefinition.iShouldBeOnTheInventoryPage()&amp#27;[0m
]]></system-out>
    <system-err><![CDATA[May 29, 2024 1:45:59 PM org.openqa.selenium.devtools.CdpVersionFinder findNearestMatch
WARNING: Unable to find an exact match for CDP version 125, returning the closest version; found: 124; Please update to a Selenium version that supports CDP version 125
May 29, 2024 1:45:59 PM org.openqa.selenium.devtools.CdpVersionFinder findNearestMatch
WARNING: Unable to find an exact match for CDP version 125, returning the closest version; found: 124; Please update to a Selenium version that supports CDP version 125
]]></system-err>
  </testcase>
  <testcase name="runScenario[&quot;Login with invalid account&quot;, &quot;Login Functionality Test&quot;](5)" classname="TestRunner.CucumberTestRunner" time="1.089">
    <system-out><![CDATA[
Scenario Outline: Login with invalid account   &amp#27;[90m# src/test/resources/Features/Login.feature:27&amp#27;[0m
  &amp#27;[32mGiven &amp#27;[0m&amp#27;[32mI am on the SauceDemo login page&amp#27;[0m       &amp#27;[90m# StepDefinitions.LoginStepDefinition.iAmOnTheLoginPage()&amp#27;[0m
  &amp#27;[32mWhen &amp#27;[0m&amp#27;[32mI enter username &amp#27;[0m&amp#27;[32m&amp#27;[1m"xx"&amp#27;[0m&amp#27;[32m and password &amp#27;[0m&amp#27;[32m&amp#27;[1m"xx"&amp#27;[0m &amp#27;[90m# StepDefinitions.LoginStepDefinition.iEnterUsernameAndPassword(java.lang.String,java.lang.String)&amp#27;[0m
  &amp#27;[32mAnd &amp#27;[0m&amp#27;[32mI click the login button&amp#27;[0m                 &amp#27;[90m# StepDefinitions.LoginStepDefinition.iClickTheLoginButton()&amp#27;[0m
  &amp#27;[32mThen &amp#27;[0m&amp#27;[32mI should see an error message&amp#27;[0m           &amp#27;[90m# StepDefinitions.LoginStepDefinition.iShouldSeeAnErrorMessage()&amp#27;[0m
]]></system-out>
    <system-err><![CDATA[May 29, 2024 1:46:00 PM org.openqa.selenium.devtools.CdpVersionFinder findNearestMatch
WARNING: Unable to find an exact match for CDP version 125, returning the closest version; found: 124; Please update to a Selenium version that supports CDP version 125
May 29, 2024 1:46:00 PM org.openqa.selenium.devtools.CdpVersionFinder findNearestMatch
WARNING: Unable to find an exact match for CDP version 125, returning the closest version; found: 124; Please update to a Selenium version that supports CDP version 125
]]></system-err>
  </testcase>
  <testcase name="runScenario[&quot;User logs out successfully&quot;, &quot;Login Functionality Test&quot;](6)" classname="TestRunner.CucumberTestRunner" time="1.176">
    <system-out><![CDATA[
Scenario Outline: User logs out successfully                        &amp#27;[90m# src/test/resources/Features/Login.feature:37&amp#27;[0m
  &amp#27;[32mGiven &amp#27;[0m&amp#27;[32mI am on the SauceDemo login page&amp#27;[0m                            &amp#27;[90m# StepDefinitions.LoginStepDefinition.iAmOnTheLoginPage()&amp#27;[0m
  &amp#27;[32mWhen &amp#27;[0m&amp#27;[32mI enter username &amp#27;[0m&amp#27;[32m&amp#27;[1m"standard_user"&amp#27;[0m&amp#27;[32m and password &amp#27;[0m&amp#27;[32m&amp#27;[1m"secret_sauce"&amp#27;[0m &amp#27;[90m# StepDefinitions.LoginStepDefinition.iEnterUsernameAndPassword(java.lang.String,java.lang.String)&amp#27;[0m
  &amp#27;[32mAnd &amp#27;[0m&amp#27;[32mI click the login button&amp#27;[0m                                      &amp#27;[90m# StepDefinitions.LoginStepDefinition.iClickTheLoginButton()&amp#27;[0m
  &amp#27;[32mAnd &amp#27;[0m&amp#27;[32mUser clicks the logout button&amp#27;[0m                                 &amp#27;[90m# StepDefinitions.LoginStepDefinition.user_clicks_the_logout_button()&amp#27;[0m
  &amp#27;[32mThen &amp#27;[0m&amp#27;[32mThe user should be logged out successfully&amp#27;[0m                   &amp#27;[90m# StepDefinitions.LoginStepDefinition.the_user_should_be_logged_out_successfully()&amp#27;[0m
]]></system-out>
    <system-err><![CDATA[May 29, 2024 1:46:01 PM org.openqa.selenium.devtools.CdpVersionFinder findNearestMatch
WARNING: Unable to find an exact match for CDP version 125, returning the closest version; found: 124; Please update to a Selenium version that supports CDP version 125
May 29, 2024 1:46:01 PM org.openqa.selenium.devtools.CdpVersionFinder findNearestMatch
WARNING: Unable to find an exact match for CDP version 125, returning the closest version; found: 124; Please update to a Selenium version that supports CDP version 125
]]></system-err>
  </testcase>
</testsuite>