<?xml version="1.0" encoding="UTF-8"?>
<testng-results ignored="0" total="6" passed="6" failed="0" skipped="0">
  <reporter-output>
  </reporter-output>
  <suite started-at="2024-05-06T14:00:03 WIB" name="Default suite" finished-at="2024-05-06T14:00:13 WIB" duration-ms="10123">
    <groups>
      <group name="cucumber">
        <method signature="AbstractTestNGCucumberTests.runScenario(io.cucumber.testng.PickleWrapper,io.cucumber.testng.FeatureWrapper)[pri:0, instance:TestRunner.CucumberTestRunner@5276e6b0]" name="runScenario" class="io.cucumber.testng.AbstractTestNGCucumberTests"/>
      </group> <!-- cucumber -->
    </groups>
    <test started-at="2024-05-06T14:00:03 WIB" name="Default test" finished-at="2024-05-06T14:00:13 WIB" duration-ms="10123">
      <class name="TestRunner.CucumberTestRunner">
        <test-method is-config="true" signature="setUpClass(org.testng.ITestContext)[pri:0, instance:TestRunner.CucumberTestRunner@5276e6b0]" started-at="2024-05-06T14:00:03 WIB" name="setUpClass" finished-at="2024-05-06T14:00:04 WIB" duration-ms="180" status="PASS">
          <params>
            <param index="0">
              <value>
                <![CDATA[org.testng.TestRunner@c02670f]]>
              </value>
            </param>
          </params>
          <reporter-output>
          </reporter-output>
        </test-method> <!-- setUpClass -->
        <test-method signature="runScenario(io.cucumber.testng.PickleWrapper,io.cucumber.testng.FeatureWrapper)[pri:0, instance:TestRunner.CucumberTestRunner@5276e6b0]" started-at="2024-05-06T14:00:04 WIB" name="runScenario" description="Runs Cucumber Scenarios" data-provider="scenarios" finished-at="2024-05-06T14:00:05 WIB" duration-ms="1439" status="PASS">
          <params>
            <param index="0">
              <value>
                <![CDATA["User is able to checkout successfully"]]>
              </value>
            </param>
            <param index="1">
              <value>
                <![CDATA["Checkout"]]>
              </value>
            </param>
          </params>
          <reporter-output>
          </reporter-output>
        </test-method> <!-- runScenario -->
        <test-method signature="runScenario(io.cucumber.testng.PickleWrapper,io.cucumber.testng.FeatureWrapper)[pri:0, instance:TestRunner.CucumberTestRunner@5276e6b0]" started-at="2024-05-06T14:00:05 WIB" name="runScenario" description="Runs Cucumber Scenarios" data-provider="scenarios" finished-at="2024-05-06T14:00:06 WIB" duration-ms="1235" status="PASS">
          <params>
            <param index="0">
              <value>
                <![CDATA["User is unable to checkout with missing information"]]>
              </value>
            </param>
            <param index="1">
              <value>
                <![CDATA["Checkout"]]>
              </value>
            </param>
          </params>
          <reporter-output>
          </reporter-output>
        </test-method> <!-- runScenario -->
        <test-method signature="runScenario(io.cucumber.testng.PickleWrapper,io.cucumber.testng.FeatureWrapper)[pri:0, instance:TestRunner.CucumberTestRunner@5276e6b0]" started-at="2024-05-06T14:00:06 WIB" name="runScenario" description="Runs Cucumber Scenarios" data-provider="scenarios" finished-at="2024-05-06T14:00:07 WIB" duration-ms="968" status="PASS">
          <params>
            <param index="0">
              <value>
                <![CDATA["User opens the login page successfully"]]>
              </value>
            </param>
            <param index="1">
              <value>
                <![CDATA["Login Functionality Test"]]>
              </value>
            </param>
          </params>
          <reporter-output>
          </reporter-output>
        </test-method> <!-- runScenario -->
        <test-method signature="runScenario(io.cucumber.testng.PickleWrapper,io.cucumber.testng.FeatureWrapper)[pri:0, instance:TestRunner.CucumberTestRunner@5276e6b0]" started-at="2024-05-06T14:00:07 WIB" name="runScenario" description="Runs Cucumber Scenarios" data-provider="scenarios" finished-at="2024-05-06T14:00:08 WIB" duration-ms="1114" status="PASS">
          <params>
            <param index="0">
              <value>
                <![CDATA["login with valid account"]]>
              </value>
            </param>
            <param index="1">
              <value>
                <![CDATA["Login Functionality Test"]]>
              </value>
            </param>
          </params>
          <reporter-output>
          </reporter-output>
        </test-method> <!-- runScenario -->
        <test-method signature="runScenario(io.cucumber.testng.PickleWrapper,io.cucumber.testng.FeatureWrapper)[pri:0, instance:TestRunner.CucumberTestRunner@5276e6b0]" started-at="2024-05-06T14:00:08 WIB" name="runScenario" description="Runs Cucumber Scenarios" data-provider="scenarios" finished-at="2024-05-06T14:00:09 WIB" duration-ms="1055" status="PASS">
          <params>
            <param index="0">
              <value>
                <![CDATA["Login with invalid account"]]>
              </value>
            </param>
            <param index="1">
              <value>
                <![CDATA["Login Functionality Test"]]>
              </value>
            </param>
          </params>
          <reporter-output>
          </reporter-output>
        </test-method> <!-- runScenario -->
        <test-method signature="runScenario(io.cucumber.testng.PickleWrapper,io.cucumber.testng.FeatureWrapper)[pri:0, instance:TestRunner.CucumberTestRunner@5276e6b0]" started-at="2024-05-06T14:00:09 WIB" name="runScenario" description="Runs Cucumber Scenarios" data-provider="scenarios" finished-at="2024-05-06T14:00:11 WIB" duration-ms="1166" status="PASS">
          <params>
            <param index="0">
              <value>
                <![CDATA["User logs out successfully"]]>
              </value>
            </param>
            <param index="1">
              <value>
                <![CDATA["Login Functionality Test"]]>
              </value>
            </param>
          </params>
          <reporter-output>
          </reporter-output>
        </test-method> <!-- runScenario -->
        <test-method is-config="true" signature="tearDownClass()[pri:0, instance:TestRunner.CucumberTestRunner@5276e6b0]" started-at="2024-05-06T14:00:11 WIB" name="tearDownClass" finished-at="2024-05-06T14:00:13 WIB" duration-ms="2953" status="PASS">
          <reporter-output>
          </reporter-output>
        </test-method> <!-- tearDownClass -->
      </class> <!-- TestRunner.CucumberTestRunner -->
    </test> <!-- Default test -->
  </suite> <!-- Default suite -->
</testng-results>
